<?xml version="1.0" encoding="UTF-8"?>
<!-- Generated by org.testng.reporters.JUnitReportReporter -->
<testsuite hostname="DESKTOP-HAI1L84" failures="0" tests="1" name="TestNG.honda" time="24.791" errors="0" timestamp="2023-10-17T09:44:13 IST" skipped="0">
  <testcase classname="TestNG.honda" name="toLaunchhonda" time="24.791">
    <system-out>
      <![CDATA[honda Done]]>
    </system-out>
  </testcase> <!-- toLaunchhonda -->
  <system-out>
    <![CDATA[Created Done
edit Done
delete Done
honda Done
baja Done
tvs Done
Hi 3
Hi 3
Hi 3
Hi 1]]>
  </system-out>
</testsuite> <!-- TestNG.honda -->
