<?xml version="1.0" encoding="UTF-8"?>
<!-- Generated by org.testng.reporters.JUnitReportReporter -->
<testsuite hostname="DESKTOP-HAI1L84" failures="0" tests="3" name="TestNG.ToLearnDependsonMethod" time="0.021" errors="0" timestamp="2023-10-17T09:44:13 IST" skipped="0">
  <testcase classname="TestNG.ToLearnDependsonMethod" name="editeAccount" time="0.002">
    <system-out>
      <![CDATA[edit Done]]>
    </system-out>
  </testcase> <!-- editeAccount -->
  <testcase classname="TestNG.ToLearnDependsonMethod" name="createAccount" time="0.016">
    <system-out>
      <![CDATA[Created Done]]>
    </system-out>
  </testcase> <!-- createAccount -->
  <testcase classname="TestNG.ToLearnDependsonMethod" name="deleteAccount" time="0.003">
    <system-out>
      <![CDATA[delete Done]]>
    </system-out>
  </testcase> <!-- deleteAccount -->
  <system-out>
    <![CDATA[Created Done
edit Done
delete Done
honda Done
baja Done
tvs Done
Hi 3
Hi 3
Hi 3
Hi 1]]>
  </system-out>
</testsuite> <!-- TestNG.ToLearnDependsonMethod -->
