<?xml version="1.0" encoding="UTF-8"?>
<!-- Generated by org.testng.reporters.JUnitReportReporter -->
<testsuite hostname="DESKTOP-HAI1L84" failures="0" tests="1" name="javaScriptExecutor.refreshbrwser" time="11.834" errors="0" timestamp="2023-10-20T09:43:06 IST" skipped="0">
  <testcase classname="javaScriptExecutor.refreshbrwser" name="name" time="11.834"/>
</testsuite> <!-- javaScriptExecutor.refreshbrwser -->
