<?xml version="1.0" encoding="UTF-8"?>
<!-- Generated by org.testng.reporters.JUnitReportReporter -->
<testsuite hostname="DESKTOP-HAI1L84" failures="0" tests="1" name="TestNG.bajaj" time="8.354" errors="0" timestamp="2023-10-17T09:44:13 IST" skipped="0">
  <testcase classname="TestNG.bajaj" name="toLaunchbaja" time="8.354">
    <system-out>
      <![CDATA[baja Done]]>
    </system-out>
  </testcase> <!-- toLaunchbaja -->
  <system-out>
    <![CDATA[Created Done
edit Done
delete Done
honda Done
baja Done
tvs Done
Hi 3
Hi 3
Hi 3
Hi 1]]>
  </system-out>
</testsuite> <!-- TestNG.bajaj -->
