<?xml version="1.0" encoding="UTF-8"?>
<!-- Generated by org.testng.reporters.JUnitReportReporter -->
<testsuite hostname="DESKTOP-HAI1L84" failures="0" tests="1" name="batchExecution.KTM" time="12.906" errors="0" timestamp="2023-10-18T08:51:45 IST" skipped="0">
  <testcase classname="batchExecution.KTM" name="toLaunchKTM" time="12.906">
    <system-out>
      <![CDATA[ktm Done]]>
    </system-out>
  </testcase> <!-- toLaunchKTM -->
  <system-out>
    <![CDATA[ktm Done
baja Done
royalenfield Done
honda Done]]>
  </system-out>
</testsuite> <!-- batchExecution.KTM -->
