<?xml version="1.0" encoding="UTF-8"?>
<!-- Generated by org.testng.reporters.JUnitReportReporter -->
<testsuite hostname="DESKTOP-HAI1L84" failures="0" tests="1" name="Actitime.report" time="12.360" errors="0" timestamp="2023-10-19T10:01:04 IST" skipped="0">
  <testcase classname="Actitime.report" name="reportlink" time="12.360"/>
</testsuite> <!-- Actitime.report -->
