<?xml version="1.0" encoding="UTF-8"?>
<!-- Generated by org.testng.reporters.JUnitReportReporter -->
<testsuite hostname="DESKTOP-HAI1L84" failures="0" tests="1" name="batchExecution.honda" time="18.306" errors="0" timestamp="2023-10-18T08:53:14 IST" skipped="0">
  <testcase classname="batchExecution.honda" name="toLaunchhonda" time="18.306">
    <system-out>
      <![CDATA[honda Done]]>
    </system-out>
  </testcase> <!-- toLaunchhonda -->
  <system-out>
    <![CDATA[baja Done
tvs Done
honda Done]]>
  </system-out>
</testsuite> <!-- batchExecution.honda -->
