<?xml version="1.0" encoding="UTF-8"?>
<!-- Generated by org.testng.reporters.JUnitReportReporter -->
<testsuite hostname="DESKTOP-HAI1L84" failures="0" tests="1" name="Actitime.task" time="9.457" errors="0" timestamp="2023-10-19T10:01:04 IST" skipped="0">
  <testcase classname="Actitime.task" name="tasklink" time="9.457"/>
</testsuite> <!-- Actitime.task -->
