<?xml version="1.0" encoding="UTF-8"?>
<!-- Generated by org.testng.reporters.JUnitReportReporter -->
<testsuite hostname="DESKTOP-HAI1L84" failures="0" tests="1" name="batchExecution.royalenfield" time="16.427" errors="0" timestamp="2023-10-18T08:51:45 IST" skipped="0">
  <testcase classname="batchExecution.royalenfield" name="toLaunchroyalenfield" time="16.427">
    <system-out>
      <![CDATA[royalenfield Done]]>
    </system-out>
  </testcase> <!-- toLaunchroyalenfield -->
  <system-out>
    <![CDATA[ktm Done
baja Done
royalenfield Done
honda Done]]>
  </system-out>
</testsuite> <!-- batchExecution.royalenfield -->
