<?xml version="1.0" encoding="UTF-8"?>
<!-- Generated by org.testng.reporters.JUnitReportReporter -->
<testsuite hostname="DESKTOP-HAI1L84" failures="0" tests="1" name="TestNG.tvs" time="10.052" errors="0" timestamp="2023-10-17T09:44:13 IST" skipped="0">
  <testcase classname="TestNG.tvs" name="toLaunchtvs" time="10.052">
    <system-out>
      <![CDATA[tvs Done]]>
    </system-out>
  </testcase> <!-- toLaunchtvs -->
  <system-out>
    <![CDATA[Created Done
edit Done
delete Done
honda Done
baja Done
tvs Done
Hi 3
Hi 3
Hi 3
Hi 1]]>
  </system-out>
</testsuite> <!-- TestNG.tvs -->
