<?xml version="1.0" encoding="UTF-8"?>
<!-- Generated by org.testng.reporters.JUnitReportReporter -->
<testsuite hostname="DESKTOP-HAI1L84" failures="0" tests="1" name="batchExecution.tvs" time="17.096" errors="0" timestamp="2023-10-18T08:53:14 IST" skipped="0">
  <testcase classname="batchExecution.tvs" name="toLaunchtvs" time="17.096">
    <system-out>
      <![CDATA[tvs Done]]>
    </system-out>
  </testcase> <!-- toLaunchtvs -->
  <system-out>
    <![CDATA[baja Done
tvs Done
honda Done]]>
  </system-out>
</testsuite> <!-- batchExecution.tvs -->
