<?xml version="1.0" encoding="UTF-8"?>
<!-- Generated by org.testng.reporters.JUnitReportReporter -->
<testsuite hostname="DESKTOP-HAI1L84" failures="0" tests="5" name="TestNG.LearningTestNg" time="17.612" errors="0" timestamp="2023-10-17T09:44:13 IST" skipped="1">
  <testcase classname="TestNG.LearningTestNg" name="amazon" time="3.632">
    <system-out>
      <![CDATA[Hi 3]]>
    </system-out>
  </testcase> <!-- amazon -->
  <testcase classname="TestNG.LearningTestNg" name="cri" time="6.360">
    <system-out>
      <![CDATA[Hi 1]]>
    </system-out>
  </testcase> <!-- cri -->
  <testcase classname="TestNG.LearningTestNg" name="amazon" time="3.678">
    <system-out>
      <![CDATA[Hi 3]]>
    </system-out>
  </testcase> <!-- amazon -->
  <testcase classname="TestNG.LearningTestNg" name="amazon" time="3.942">
    <system-out>
      <![CDATA[Hi 3]]>
    </system-out>
  </testcase> <!-- amazon -->
  <testcase classname="TestNG.LearningTestNg" name="bask">
    <skipped/>
  </testcase> <!-- bask -->
  <system-out>
    <![CDATA[Created Done
edit Done
delete Done
honda Done
baja Done
tvs Done
Hi 3
Hi 3
Hi 3
Hi 1]]>
  </system-out>
</testsuite> <!-- TestNG.LearningTestNg -->
