<?xml version="1.0" encoding="UTF-8"?>
<!-- Generated by org.testng.reporters.JUnitReportReporter -->
<testsuite hostname="DESKTOP-HAI1L84" failures="0" tests="1" name="TestNG.ConfirationAnnontation" time="0.012" errors="0" timestamp="2023-10-19T09:00:36 IST" skipped="0">
  <testcase classname="TestNG.ConfirationAnnontation" name="test" time="0.012">
    <system-out>
      <![CDATA[test]]>
    </system-out>
  </testcase> <!-- test -->
  <system-out>
    <![CDATA[beforesuite
beforetest
beforeclass
beforemethod
test
aftermethod
afterclass
aftertest
aftersuite]]>
  </system-out>
</testsuite> <!-- TestNG.ConfirationAnnontation -->
