<?xml version="1.0" encoding="UTF-8"?>
<!-- Generated by org.testng.reporters.JUnitReportReporter -->
<testsuite hostname="DESKTOP-HAI1L84" failures="0" tests="3" name="dataProvider.ToUseDataProvider" time="31.066" errors="0" timestamp="2023-10-20T08:48:09 IST" skipped="0">
  <testcase classname="dataProvider.ToUseDataProvider" name="login" time="11.076"/>
  <testcase classname="dataProvider.ToUseDataProvider" name="login" time="9.592"/>
  <testcase classname="dataProvider.ToUseDataProvider" name="login" time="10.398"/>
</testsuite> <!-- dataProvider.ToUseDataProvider -->
